<?xml version="1.0" encoding="UTF-8"?>
<!-- Generated by org.testng.reporters.JUnitReportReporter -->
<testsuite skipped="0" hostname="PremSuwalka" name="TestNG.Google" tests="1" failures="0" timestamp="11 Apr 2017 01:23:57 GMT" time="0.021" errors="0">
  <testcase name="f" time="0.021" classname="TestNG.Google"/>
</testsuite> <!-- TestNG.Google -->
